         w __fini_wut_socket
         w __gthr_impl_key_create
         w __init_wut_socket
02000000 T __init
02000024 0000001c T abort
02000050 00000034 W __gnu_cxx::__throw_concurrence_lock_error()
02000084 00000034 W __gnu_cxx::__throw_concurrence_unlock_error()
020000b8 0000000c t _GLOBAL__sub_D_sDefaultValues
020000c4 00000038 t _GLOBAL__sub_D__ZN9__gnu_cxx9__freeresEv
020000fc 00000040 t _GLOBAL__sub_D___cxa_get_globals_fast
0200013c 00000028 t _GLOBAL__sub_I_sDefaultValues
02000164 00000080 t _GLOBAL__sub_I__ZN9__gnu_cxx9__freeresEv
020001e4 00000060 t _GLOBAL__sub_I___cxa_get_globals_fast
02000244 t __do_global_dtors_aux
02000310 t frame_dummy
02000334 00000004 T deinit_plugin()
02000338 00000004 T on_init_wut_malloc()
0200033c 00000004 T on_fini_wut_malloc()
02000340 00000014 T on_init_wut_sockets()
02000354 00000014 T on_fini_wut_sockets()
02000368 00000004 T on_init_wut_newlib()
0200036c 00000004 T on_fini_wut_newlib()
02000370 00000004 T on_init_wut_stdcpp()
02000374 00000004 T on_fini_wut_stdcpp()
02000378 00000004 T __init_wrapper()
0200037c 00000004 T __fini_wrapper()
02000380 00000004 T on_init_wut_devoptab()
02000384 00000004 T on_fini_wut_devoptab()
02000388 00000040 T init_storage(wups_loader_init_storage_args_t_)
020003c8 00000024 T init_plugin()
020003ec 00000004 T on_app_ending()
020003f0 00000028 T on_app_starting()
02000418 00000034 T on_app_requests_exit()
0200045c 000000b0 T my_FSOpenFile(FSClient*, FSCmdBlock*, char const*, char const*, int*, int)
0200051c 00000078 T logFSOpenChanged(ConfigItemBoolean*, bool)
020005a4 000000ac T on_get_wups_config()
02000680 00000068 T on_wups_config_closed()
020006f8 00000004 T initLogging
020006fc 00000004 T deinitLogging
02000700 000000b0 t closeItem(wups_storage_item_t_*)
020007b0 000001f8 t addItem(wups_storage_item_t_*, char const*, wups_storage_type_t_, WUPSStorageError*)
020009a8 00000094 T WUPS_InitStorage
02000a3c 000000ac T WUPS_OpenStorage
02000ae8 00000154 T WUPS_CloseStorage
02000c3c 00000150 T WUPS_StoreInt
02000d8c 00000048 T WUPSConfigItemBoolean_callCallback(void*)
02000dd4 00000008 T WUPSConfigItemBoolean_isMovementAllowed(void*)
02000ddc 0000000c T WUPSConfigItemBoolean_restoreDefault(void*)
02000de8 00000004 T WUPSConfigItemBoolean_onSelected(void*, bool)
02000dec 00000074 T WUPSConfigItemBoolean_getCurrentValueDisplay(void*, char*, int)
02000e60 00000074 T WUPSConfigItemBoolean_getCurrentValueSelectedDisplay(void*, char*, int)
02000ed4 00000034 T WUPSConfigItemBoolean_onDelete(void*)
02000f08 00000064 T WUPSConfigItemBoolean_onButtonPressed(void*, int)
02000f6c 000001fc T WUPSConfigItemBoolean_AddToCategoryEx
02001198 00000014 T WUPSConfigItemBoolean_AddToCategory
020011ac 0000000c T __wups_start
020011c8 00000004 T __syscall_lock_init
020011cc 00000004 T __syscall_lock_close
020011d0 00000004 T __syscall_lock_release
020011d4 00000004 T __syscall_lock_acquire
020011d8 00000014 T __init_wut_newlib
020011ec 00000004 T __fini_wut_newlib
020011f0 00000060 T __fini_wut_sbrk_heap
02001260 00000004 T __init_wut_malloc
02001264 00000004 T __fini_wut_malloc
02001268 00000060 T _malloc_r
020012c8 00000018 T _free_r
020012e0 000000d4 T _realloc_r
020013c4 00000090 T _calloc_r
02001454 00000020 T _memalign_r
02001474 0000017c T __init_wut_devoptab
02001650 000000b4 T __fini_wut_devoptab
02001734 000000cc T __wut_fs_chdir
02001820 000000b8 T __wut_fs_fstat
020018f8 000000cc T __wut_fs_mkdir
020019e4 000001c0 T __wut_fs_read
02001bc4 000000e4 T __wut_fs_fixpath
02001ca8 000000a4 T __wut_fs_translate_stat_mode
02001d4c 00000018 T __wut_fs_translate_permission_mode
02001d64 00000138 T __wut_fs_translate_stat
02001e9c 00000098 T __wut_fs_translate_error
02001f34 000000d8 T __wut_fs_unlink
0200202c 00000088 T __wut_fs_fsync
020020d4 00000124 T __wut_fs_diropen
02002218 00000010 T __wut_fs_link
02002228 0000008c T __wut_fs_dirclose
020022d4 00000010 T __wut_fs_utimes
020022e4 0000008c T __wut_fs_dirreset
02002390 000000d8 T __wut_fs_rmdir
02002488 00000468 T __wut_fs_open
02002940 000001d8 T __wut_fs_write
02002b38 000000e8 T __wut_fs_chmod
02002c40 00000010 T __wut_fs_fchmod
02002c50 00000120 T __wut_fs_dirnext
02002d90 00000088 T __wut_fs_close
02002e38 000000cc T __wut_fs_ftruncate
02002f34 00000010 T __wut_fs_statvfs
02002f44 00000124 T __wut_fs_rename
02003088 0000018c T __wut_fs_seek
02003244 00000008 T __gthr_impl_active
0200324c 00000004 T __gthr_impl_once
02003250 00000030 T __gthr_impl_key_delete
02003280 00000030 T __gthr_impl_getspecific
020032b0 00000030 T __gthr_impl_setspecific
020032e0 00000004 T __gthr_impl_mutex_init_function
020032e4 00000004 T __gthr_impl_mutex_destroy
020032e8 00000004 T __gthr_impl_mutex_lock
020032ec 00000004 T __gthr_impl_mutex_unlock
020032f0 00000004 T __init_wut_stdcpp
020032f4 00000004 T __fini_wut_stdcpp
020032f8 000000cc T __wut_lock_init
020033e4 000000c0 T __wut_lock_close
020034b4 00000054 T __wut_lock_acquire
02003518 00000054 T __wut_lock_release
0200357c 000000fc T __wut_fs_stat
02003698 00000004 T __wut_mutex_init_function(OSMutex*)
020036ac 00000024 T __wut_mutex_lock(OSMutex*)
020036e0 00000024 T __wut_mutex_unlock(OSMutex*)
02003714 00000008 T __wut_mutex_destroy(OSMutex*)
0200371c 000000ac T __wut_once(unsigned int volatile*, void (*)())
020037f8 0000006c T __wut_key_delete(__wut_key_t)
02003864 00000074 T __wut_getspecific(__wut_key_t)
020038f8 00000088 T __wut_setspecific(__wut_key_t, void const*)
020039a0 000000ec t std::_Rb_tree<NotificationModuleNotificationType, std::pair<NotificationModuleNotificationType const, NMDefaultValueStore>, std::_Select1st<std::pair<NotificationModuleNotificationType const, NMDefaultValueStore> >, std::less<NotificationModuleNotificationType>, std::allocator<std::pair<NotificationModuleNotificationType const, NMDefaultValueStore> > >::_M_get_insert_unique_pos(NotificationModuleNotificationType const&) [clone .isra.0]
02003a8c 00000178 t std::_Rb_tree<NotificationModuleNotificationType, std::pair<NotificationModuleNotificationType const, NMDefaultValueStore>, std::_Select1st<std::pair<NotificationModuleNotificationType const, NMDefaultValueStore> >, std::less<NotificationModuleNotificationType>, std::allocator<std::pair<NotificationModuleNotificationType const, NMDefaultValueStore> > >::_M_get_insert_hint_unique_pos(std::_Rb_tree_const_iterator<std::pair<NotificationModuleNotificationType const, NMDefaultValueStore> >, NotificationModuleNotificationType const&) [clone .isra.0]
02003c04 0000013c t std::_Rb_tree_iterator<std::pair<NotificationModuleNotificationType const, NMDefaultValueStore> > std::_Rb_tree<NotificationModuleNotificationType, std::pair<NotificationModuleNotificationType const, NMDefaultValueStore>, std::_Select1st<std::pair<NotificationModuleNotificationType const, NMDefaultValueStore> >, std::less<NotificationModuleNotificationType>, std::allocator<std::pair<NotificationModuleNotificationType const, NMDefaultValueStore> > >::_M_emplace_hint_unique<std::piecewise_construct_t const&, std::tuple<NotificationModuleNotificationType&&>, std::tuple<> >(std::_Rb_tree_const_iterator<std::pair<NotificationModuleNotificationType const, NMDefaultValueStore> >, std::piecewise_construct_t const&, std::tuple<NotificationModuleNotificationType&&>&&, std::tuple<>&&) [clone .isra.0]
02003d40 000001ac t std::_Rb_tree<NotificationModuleNotificationType, std::pair<NotificationModuleNotificationType const, NMDefaultValueStore>, std::_Select1st<std::pair<NotificationModuleNotificationType const, NMDefaultValueStore> >, std::less<NotificationModuleNotificationType>, std::allocator<std::pair<NotificationModuleNotificationType const, NMDefaultValueStore> > >::_M_erase(std::_Rb_tree_node<std::pair<NotificationModuleNotificationType const, NMDefaultValueStore> >*) [clone .isra.0]
02003eec 00000148 T NotificationModule_GetVersion
02004064 0000057c T NotificationModule_InitLibrary
02004610 00000138 T NotificationModule_AddInfoNotification
02004748 00000004 T operator delete(void*, unsigned int)
0200474c 00000080 T operator new(unsigned int)
020047cc 00000068 T std::_Rb_tree_increment(std::_Rb_tree_node_base*)
02004834 00000094 T std::_Rb_tree_decrement(std::_Rb_tree_node_base*)
020048c8 000002d4 T std::_Rb_tree_insert_and_rebalance(bool, std::_Rb_tree_node_base*, std::_Rb_tree_node_base*, std::_Rb_tree_node_base&)
02004b9c 0000000c T std::bad_alloc::what() const
02004ba8 00000010 T std::bad_alloc::~bad_alloc()
02004ba8 00000010 T std::bad_alloc::~bad_alloc()
02004bb8 00000040 T std::bad_alloc::~bad_alloc()
02004bf8 00000004 T operator delete(void*)
02004bfc 0000000c W __gnu_cxx::__concurrence_lock_error::what() const
02004c08 0000000c W __gnu_cxx::__concurrence_unlock_error::what() const
02004c14 00000010 W __gnu_cxx::__concurrence_lock_error::~__concurrence_lock_error()
02004c14 00000010 W __gnu_cxx::__concurrence_lock_error::~__concurrence_lock_error()
02004c24 00000010 W __gnu_cxx::__concurrence_unlock_error::~__concurrence_unlock_error()
02004c24 00000010 W __gnu_cxx::__concurrence_unlock_error::~__concurrence_unlock_error()
02004c34 00000040 W __gnu_cxx::__concurrence_lock_error::~__concurrence_lock_error()
02004c74 00000040 W __gnu_cxx::__concurrence_unlock_error::~__concurrence_unlock_error()
02004cb4 00000144 t (anonymous namespace)::pool::free(void*) [clone .constprop.0]
02004df8 000000fc t (anonymous namespace)::pool::allocate(unsigned int) [clone .constprop.0]
02004ef4 00000064 T __cxa_allocate_exception
02004f58 0000004c T __cxa_free_exception
02004fa4 00000004 T std::exception::~exception()
02004fa4 00000004 T std::exception::~exception()
02004fa8 000000a0 t get_adjusted_ptr(std::type_info const*, std::type_info const*, void**)
02005048 0000013c t read_encoded_value_with_base(unsigned char, unsigned int, unsigned char const*, unsigned int*)
02005184 00000068 t base_of_encoded_value(unsigned char, _Unwind_Context*)
020051ec 0000011c t parse_lsda_header(_Unwind_Context*, unsigned char const*, lsda_header_info*)
02005308 00000138 t check_exception_spec(lsda_header_info*, std::type_info const*, void*, long)
02005440 000007a4 T __gxx_personality_v0
02005be4 00000020 T __cxxabiv1::__terminate(void (*)())
02005c04 00000024 T std::terminate()
02005c28 00000018 T __cxxabiv1::__unexpected(void (*)())
02005c40 00000024 T std::unexpected()
02005c64 00000018 T std::get_terminate()
02005c7c 00000018 T std::get_unexpected()
02005c94 0000008c t __gxx_exception_cleanup(_Unwind_Reason_Code, _Unwind_Exception*)
02005d20 00000070 T __cxa_init_primary_exception
02005d90 00000068 T __cxa_throw
02005df8 00000018 T std::get_new_handler()
02005e10 00000010 T __cxxabiv1::__si_class_type_info::~__si_class_type_info()
02005e10 00000010 T __cxxabiv1::__si_class_type_info::~__si_class_type_info()
02005e20 00000040 T __cxxabiv1::__si_class_type_info::~__si_class_type_info()
02005e60 000001d4 T __cxxabiv1::__si_class_type_info::__do_dyncast(int, __cxxabiv1::__class_type_info::__sub_kind, __cxxabiv1::__class_type_info const*, void const*, __cxxabiv1::__class_type_info const*, void const*, __cxxabiv1::__class_type_info::__dyncast_result&) const
02006034 000000b4 T __cxxabiv1::__si_class_type_info::__do_find_public_src(int, void const*, __cxxabiv1::__class_type_info const*, void const*) const
020060e8 00000094 T __cxxabiv1::__si_class_type_info::__do_upcast(__cxxabiv1::__class_type_info const*, void const*, __cxxabiv1::__class_type_info::__upcast_result&) const
0200617c 00000004 T std::type_info::~type_info()
0200617c 00000004 T std::type_info::~type_info()
02006180 00000008 T std::type_info::__is_pointer_p() const
02006180 00000008 T std::type_info::__is_function_p() const
02006188 0000007c T __cxxabiv1::__class_type_info::__do_upcast(__cxxabiv1::__class_type_info const*, void**) const
02006204 00000018 T __cxxabiv1::__class_type_info::__do_find_public_src(int, void const*, __cxxabiv1::__class_type_info const*, void const*) const
0200621c 00000010 T __cxxabiv1::__class_type_info::~__class_type_info()
0200621c 00000010 T __cxxabiv1::__class_type_info::~__class_type_info()
0200622c 00000040 T __cxxabiv1::__class_type_info::~__class_type_info()
0200626c 00000094 T __cxxabiv1::__class_type_info::__do_upcast(__cxxabiv1::__class_type_info const*, void const*, __cxxabiv1::__class_type_info::__upcast_result&) const
02006300 00000104 T __cxxabiv1::__class_type_info::__do_catch(std::type_info const*, void**, unsigned int) const
02006404 00000138 T __cxxabiv1::__class_type_info::__do_dyncast(int, __cxxabiv1::__class_type_info::__sub_kind, __cxxabiv1::__class_type_info const*, void const*, __cxxabiv1::__class_type_info const*, void const*, __cxxabiv1::__class_type_info::__dyncast_result&) const
0200653c 00000058 T __cxa_call_terminate
02006594 000000c4 T __cxa_begin_catch
02006658 00000068 t eh_globals_dtor(void*)
020066c0 000000bc T __cxa_get_globals
0200677c 000003f0 T __divdi3
02006b6c 000003bc T __udivdi3
02006f28 0000001c T __gthread_active_p
02006f44 0000001c T __gthread_once
02006f60 0000001c T __gthread_key_create
02006f7c 00000044 T __gthread_key_delete
02006fc0 00000044 T __gthread_getspecific
02007004 00000044 T __gthread_setspecific
02007048 00000014 T __gthread_mutex_init_function
0200705c 0000001c T __gthread_mutex_destroy
02007078 0000001c T __gthread_mutex_lock
02007094 0000001c T __gthread_mutex_unlock
020070b0 000001d0 t init_dwarf_reg_size_table
02007280 000001d0 t uw_install_context_1
02007450 00000194 t read_encoded_value
020075e4 0000088c t execute_stack_op
02007e70 0000039c t uw_update_context_1
0200820c 00000934 t execute_cfa_program
02008b40 000004e4 t uw_frame_state_for
02009024 000002cc t uw_init_context_1
020092f0 000001c8 t _Unwind_RaiseException_Phase2
020094b8 00000068 T _Unwind_SetGR
02009520 00000014 T _Unwind_GetIPInfo
02009534 00000008 T _Unwind_SetIP
0200953c 00000008 T _Unwind_GetLanguageSpecificData
02009544 00000008 T _Unwind_GetRegionStart
0200954c 00000008 T _Unwind_GetDataRelBase
02009554 00000008 T _Unwind_GetTextRelBase
0200955c 00000004 t _Unwind_DebugHook
02009560 00000300 T _Unwind_RaiseException
02009860 0000001c T _Unwind_DeleteException
0200987c 00000020 t fde_unencoded_compare
0200989c 0000013c t frame_downheap
020099d8 00000118 t frame_heapsort
02009af0 0000000c t init_object_mutex
02009afc 0000013c t read_encoded_value_with_base
02009c38 0000015c t __deregister_frame_info_bases.part.0
02009d94 0000014c t get_cie_encoding
02009ee0 00000250 t classify_object_over_fdes
0200a130 000000d0 t fde_single_encoding_compare
0200a200 0000015c t fde_mixed_encoding_compare
0200a35c 000002b8 t add_fdes
0200a614 00000318 t linear_search_fdes
0200a92c 00000804 t search_object
0200b130 0000009c T __register_frame_info
0200b1cc 00000020 T __deregister_frame_info
0200b1ec 00000260 T _Unwind_Find_FDE
0200b44c 00000008 t null_write
0200b454 00000018 T setDefaultDevice
0200b46c 00000128 T FindDevice
0200b594 00000044 T RemoveDevice
0200b5d8 00000114 T AddDevice
0200b6ec 00000244 T _concatenate_path
0200b930 000001b0 T chdir
0200bae0 00000018 T calloc
0200baf8 00000018 T memalign
0200bb10 00000010 T malloc
0200bb20 00000010 T free
0200bb30 00000128 T memcpy
0200bc58 00000194 T memset
0200bdec 00000018 T realloc
0200be04 00000168 T snprintf
0200bf6c 00000154 T strchr
0200c0c0 0000009c T strcmp
0200c15c 0000008c T strcpy
0200c1e8 00000010 T strdup
0200c1f8 0000006c T _strdup_r
0200c264 00000080 T strlen
0200c2e4 000000cc T strncmp
0200c3b0 00000108 T strncpy
0200c4b8 000000c8 T strnlen
0200c580 00000078 T strrchr
0200c5f8 00002eec T _svfprintf_r
0200f4e4 000000e4 T _wcrtomb_r
0200f5c8 00000010 T _wcsrtombs_r
0200f5d8 000002ec t quorem
0200f8c4 000013e4 T _dtoa_r
02010ca8 0000002c T _localeconv_r
02010cd4 0000002c T __locale_mb_cur_max
02010d00 00000300 T __utf8_mbtowc
02011000 000001b4 T memchr
020111b4 000000e0 T _Balloc
02011294 00000024 T _Bfree
020112b8 00000158 T __multadd
02011410 0000007c T __hi0bits
0201148c 000000b4 T __lo0bits
02011540 00000108 T __i2b
02011648 00000308 T __multiply
02011950 0000017c T __pow5mult
02011acc 00000250 T __lshift
02011d1c 000000e0 T __mcmp
02011dfc 000002ec T __mdiff
020120e8 000001a0 T __d2b
02012288 00000090 T frexp
02012318 00000260 T __ssprint_r
02012578 00000214 T _wcsnrtombs_l
0201278c 00000024 T _wcsnrtombs_r
020127b0 00000108 T __utf8_wctomb
020128b8 00000058 T __assert_func
02012910 00000094 T fiprintf
020129a4 000001c0 T memmove
02012b64 00000148 t __sprint_r.part.0
02012cac 00001ca8 T _vfiprintf_r
02014954 00000100 t __sbprintf
02014a54 00000194 T __swsetup_r
02014be8 000002f4 T __sflush_r
02014edc 00000108 T _fflush_r
02014fe4 0000000c T _cleanup_r
02014ff0 000001f8 T __sinit
020151e8 00000058 T __sfp_lock_acquire
02015240 0000000c T __sfp_lock_release
0201524c 00000170 T __fputwc
020153bc 000000d0 T _fputwc_r
0201548c 000005b0 T __sfvwrite_r
02015a3c 000000b4 T _fwalk_reent
02015af0 00000188 T __smakebuf_r
02015c78 00000074 T __sread
02015cec 000000b8 T __swrite
02015da4 00000070 T __sseek
02015e14 00000008 T __sclose
02015e1c 0000018c T __swbuf_r
02015fa8 000001ec T _fclose_r
02016194 000000ec T _close_r
02016280 000000b0 T _fstat_r
02016330 00000008 T _isatty_r
02016338 000000e0 T _lseek_r
02016418 000000c4 T _read_r
020164dc 000000c4 T _write_r
020165a0 00000054 T __flockfile
020165f4 00000008 T __funlockfile
020165fc 000000e4 T __release_handle
020166e0 00000024 T __get_handle
02016704 0000001c T __libc_lock_init
02016720 0000001c T __libc_lock_close
0201673c 0000001c T __libc_lock_release
02016758 0000001c T __libc_lock_acquire
02016774 t __do_global_ctors_aux
020167c4 T __fini
10000030 d .LC2
1000036c d .LC7
10000850 0000000d V typeinfo name for std::bad_alloc
10000860 0000000c V typeinfo for std::bad_alloc
1000086c 00000014 V vtable for std::bad_alloc
100008cc 00000027 V typeinfo name for __gnu_cxx::__concurrence_lock_error
100008f4 0000000c V typeinfo for __gnu_cxx::__concurrence_lock_error
10000900 00000029 V typeinfo name for __gnu_cxx::__concurrence_unlock_error
1000092c 0000000c V typeinfo for __gnu_cxx::__concurrence_unlock_error
10000938 00000014 V vtable for __gnu_cxx::__concurrence_lock_error
1000094c 00000014 V vtable for __gnu_cxx::__concurrence_unlock_error
10000960 0000000d V typeinfo name for std::exception
10000970 00000020 V typeinfo name for __cxxabiv1::__forced_unwind
10000990 00000024 V typeinfo name for __cxxabiv1::__foreign_exception
100009e8 00000025 V typeinfo name for __cxxabiv1::__si_class_type_info
10000a10 0000000c V typeinfo for __cxxabiv1::__si_class_type_info
10000a1c 0000002c V vtable for __cxxabiv1::__si_class_type_info
10000a48 0000000d V typeinfo name for std::type_info
10000a58 00000022 V typeinfo name for __cxxabiv1::__class_type_info
10000a7c 0000000c V typeinfo for __cxxabiv1::__class_type_info
10000a88 0000002c V vtable for __cxxabiv1::__class_type_info
10000ed8 00000008 d terminator.1
10000ee8 00000070 D dotab_stdnull
10000f58 00000101 D _ctype_
1000109c d .LC2
100012a4 00000010 d zeroes.0
100012b4 00000010 d blanks.1
100013fc 0000000c d p05.0
10001408 00000028 D __mprec_bigtens
10001430 000000c8 D __mprec_tens
100016a8 00000010 d zeroes.0
100016b8 00000010 d blanks.1
10001724 d __CTOR_LIST__
10001728 D __CTOR_LIST__
10001734 d __CTOR_END__
10001734 D __CTOR_END__
10001738 d __DTOR_LIST__
1000173c D __DTOR_LIST__
10001748 D __DTOR_END__
1000174c d __EH_FRAME_BEGIN__
1000174c D __EH_FRAME_BEGIN__
10005874 d 
10005874 D __EH_FRAME_END__
10005878 00000004 D real_FSOpenFile
1000587c 00000004 d sActiveSubItem
10005880 00000014 d rootItem
10005894 00000004 d isDirty
10005898 00000004 d isOpened
1000589c 00000004 d storage_initialized
100058a0 00000100 d plugin_id
100059a0 00000004 d closefunction_ptr
100059a4 00000004 d openfunction_ptr
100059a8 00000070 d __wut_fs_devoptab
10005a18 00000004 d sNotificationModuleVersion
10005a1c 00000040 D devoptab_list
10005a5c 00000004 d defaultDevice
10005a60 00001000 d _current_working_directory
10006a60 00000448 d impure_data
10006ea8 0000016c D __global_locale
10007014 00001000 d handles
10008014 0000000c d __stderr_handle
10008020 0000000c d __stdout_handle
1000802c 0000000c d __stdin_handle
10008038 00000001 D logFSOpen
1000803c 00000008 V typeinfo for std::exception
10008044 00000008 V typeinfo for __cxxabiv1::__forced_unwind
1000804c 00000008 V typeinfo for __cxxabiv1::__foreign_exception
10008054 00000004 D __cxxabiv1::__unexpected_handler
10008058 00000008 V typeinfo for std::type_info
10008060 00000004 D __cxxabiv1::__terminate_handler
10008064 00000004 D _global_impure_ptr
10008068 00000004 D _impure_ptr
1000806c 00000004 B __wut_exit
10008070 00000004 B __wut_devoptab_fs_client
10008074 b completed.2
10008078 b dtor_idx.1
1000807c b object.0
10008094 00000004 b sHeapSize
10008098 00000004 b sHeapMaxSize
1000809c 00000004 b sHeapBase
100080a0 00000004 b sHeapHandle
100080a4 00000080 b sMountPath
10008124 00000004 b __wut_sd_mounted
10008128 00000004 b __wut_fs_initialised
1000812c 00000004 b sLibcLockUsedMask
10008130 000002c0 b sLibcLocks
100083f0 0000002c b key_mutex
1000841c 00000400 b key_table
1000881c 00000018 B sDefaultValues
10008834 00000001 b sLibInitDone
10008838 00000004 b sNMFinishDynamicNotification
1000883c 00000004 b sNMUpdateDynamicNotificationTextColor
10008840 00000004 b sNMUpdateDynamicNotificationBackgroundColor
10008844 00000004 b sNMUpdateDynamicNotificationText
10008848 00000004 b sNMAddDynamicNotification
1000884c 00000004 b sNMAddStaticNotification
10008850 00000004 b sNMIsOverlayReady
10008854 00000004 b sNMGetVersion
10008858 00000004 b sModuleHandle
1000885c 00000038 b (anonymous namespace)::emergency_pool
10008894 00000004 b (anonymous namespace)::__new_handler
10008898 00000008 b init
100088a0 00000008 b eh_globals
100088a8 00000004 b once_regsizes.0
100088ac 00000070 b dwarf_reg_size_table
1000891c 00000004 b marker.0
10008920 00000004 b once.2
10008924 0000002c b object_mutex
10008950 00000004 b seen_objects
10008954 00000004 b unseen_objects
10008958 00001000 b temp_cwd
10009958 00000004 b __sinit_recursive_mutex
1000995c 00000004 b __sfp_recursive_mutex
10009960 00000004 b __hndl_lock
10009964 0000001e R wups_meta_storage_id
10009984 0000000c R wups_meta_license
10009990 0000001e R wups_meta_author
100099b0 0000000d R wups_meta_version
100099c0 00000025 R wups_meta_description
100099e8 00000024 R wups_meta_buildtimestamp
10009a0c 0000000b R wups_meta_wups
10009a18 0000001a R wups_meta_name
10009a34 00000024 R wups_load_my_FSOpenFile
10009a58 00000008 R wups_hooks_on_wups_config_closed
10009a60 00000008 R wups_hooks_on_get_wups_config
10009a68 00000008 R wups_hooks_on_app_requests_exit
10009a70 00000008 R wups_hooks_on_app_ending
10009a78 00000008 R wups_hooks_on_app_starting
10009a80 00000008 R wups_hooks_deinit_plugin
10009a88 00000008 R wups_hooks_init_plugin
10009a90 00000008 R wups_hooks_init_storage
10009a98 00000008 R wups_hooks_on_fini_wut_devoptab
10009aa0 00000008 R wups_hooks_on_init_wut_devoptab
10009aa8 00000008 R wups_hooks___fini_wrapper
10009ab0 00000008 R wups_hooks___init_wrapper
10009ab8 00000008 R wups_hooks_on_fini_wut_stdcpp
10009ac0 00000008 R wups_hooks_on_init_wut_stdcpp
10009ac8 00000008 R wups_hooks_on_fini_wut_newlib
10009ad0 00000008 R wups_hooks_on_init_wut_newlib
10009ad8 00000008 R wups_hooks_on_fini_wut_sockets
10009ae0 00000008 R wups_hooks_on_init_wut_sockets
10009ae8 00000008 R wups_hooks_on_fini_wut_malloc
10009af0 00000008 R wups_hooks_on_init_wut_malloc
c0000038 T FSAddClient
c0000040 T FSChangeDir
c0000048 T FSChangeMode
c0000050 T FSCloseDir
c0000058 T FSCloseFile
c0000060 T FSDelClient
c0000068 T FSFlushFile
c0000070 T FSGetMountSource
c0000078 T FSGetStat
c0000080 T FSGetStatFile
c0000088 T FSInit
c0000090 T FSInitCmdBlock
c0000098 T FSMakeDir
c00000a0 T FSMount
c00000a8 T FSOpenDir
c00000b0 T FSOpenFileEx
c00000b8 T FSReadDir
c00000c0 T FSReadFile
c00000c8 T FSRemove
c00000d0 T FSRename
c00000d8 T FSRewindDir
c00000e0 T FSSetPosFile
c00000e8 T FSTruncateFile
c00000f0 T FSUnmount
c00000f8 T FSWriteFile
c0000100 T MEMFreeToExpHeap
c0000108 T MEMGetSizeForMBlockExpHeap
c0000110 T OSCompareAndSwapAtomic
c0000118 T OSCompareAndSwapAtomicEx
c0000120 T OSDynLoad_Acquire
c0000128 T OSDynLoad_FindExport
c0000130 T OSFatal
c0000138 T OSGetThreadSpecific
c0000140 T OSInitMutex
c0000148 T OSLockMutex
c0000150 T OSReport
c0000158 T OSSetThreadSpecific
c0000160 T OSSwapAtomic
c0000168 T OSUnlockMutex
c0000170 T __rplwrap_exit
c0000198 R MEMAllocFromDefaultHeap
c00001a0 R MEMAllocFromDefaultHeapEx
c00001a8 R MEMFreeToDefaultHeap
c00001d0 T WUPSConfigItem_Create
c00001d8 T WUPSConfigItem_Destroy
c00001e0 T WUPSConfig_Create
c00001e8 T WUPSConfig_Destroy
c00001f0 T WUPSConfig_AddCategoryByName
c00001f8 T WUPSConfigCategory_AddItem
