         w __gthr_impl_key_create
         w socket_lib_init
         w __wut_socket_fini_devoptab
         w __wut_socket_init_devoptab
02000000 T __init
02000024 0000001c T abort
02000050 00000034 W __gnu_cxx::__throw_concurrence_lock_error()
02000084 00000034 W __gnu_cxx::__throw_concurrence_unlock_error()
020000b8 0000000c t _GLOBAL__sub_D_sDefaultValues
020000c4 00000038 t _GLOBAL__sub_D__ZN9__gnu_cxx9__freeresEv
020000fc 00000040 t _GLOBAL__sub_D___cxa_get_globals_fast
0200013c 00000028 t _GLOBAL__sub_I_sDefaultValues
02000164 00000080 t _GLOBAL__sub_I__ZN9__gnu_cxx9__freeresEv
020001e4 00000060 t _GLOBAL__sub_I___cxa_get_globals_fast
02000244 t __do_global_dtors_aux
02000310 t frame_dummy
02000334 00000004 T deinit_plugin()
02000338 00000004 T on_init_wut_malloc()
0200033c 00000004 T on_fini_wut_malloc()
02000340 00000014 T on_init_wut_sockets()
02000354 00000014 T on_fini_wut_sockets()
02000368 00000004 T on_init_wut_newlib()
0200036c 00000004 T on_fini_wut_newlib()
02000370 00000004 T on_init_wut_stdcpp()
02000374 00000004 T on_fini_wut_stdcpp()
02000378 00000040 T __init_wrapper()
020003c8 00000004 T __fini_wrapper()
020003cc 00000004 T on_init_wut_devoptab()
020003d0 00000004 T on_fini_wut_devoptab()
020003d4 00000040 T init_storage(wups_loader_init_storage_args_t_)
02000414 00000004 T on_app_starting()
02000418 00000024 T init_plugin()
0200043c 00000004 T on_app_ending()
02000440 00000034 T on_app_requests_exit()
02000484 000000b0 T my_FSOpenFile(FSClient*, FSCmdBlock*, char const*, char const*, int*, int)
02000544 00000078 T logFSOpenChanged(ConfigItemBoolean*, bool)
020005cc 000000ac T on_get_wups_config()
020006a8 00000068 T on_wups_config_closed()
02000720 00000004 T initLogging
02000724 00000004 T deinitLogging
02000728 000000b0 t closeItem(wups_storage_item_t_*)
020007d8 000001f8 t addItem(wups_storage_item_t_*, char const*, wups_storage_type_t_, WUPSStorageError*)
020009d0 00000094 T WUPS_InitStorage
02000a64 000000ac T WUPS_OpenStorage
02000b10 00000154 T WUPS_CloseStorage
02000c64 00000150 T WUPS_StoreInt
02000db4 0000000c T __wups_start
02000dd0 00000070 W __init_wut_socket
02000e40 0000006c W __fini_wut_socket
02000eac 00000004 W wut_get_thread_specific
02000eb0 00000048 T WUPSConfigItemBoolean_callCallback(void*)
02000ef8 00000008 T WUPSConfigItemBoolean_isMovementAllowed(void*)
02000f00 0000000c T WUPSConfigItemBoolean_restoreDefault(void*)
02000f0c 00000004 T WUPSConfigItemBoolean_onSelected(void*, bool)
02000f10 00000074 T WUPSConfigItemBoolean_getCurrentValueDisplay(void*, char*, int)
02000f84 00000074 T WUPSConfigItemBoolean_getCurrentValueSelectedDisplay(void*, char*, int)
02000ff8 00000034 T WUPSConfigItemBoolean_onDelete(void*)
0200102c 00000064 T WUPSConfigItemBoolean_onButtonPressed(void*, int)
02001090 000001fc T WUPSConfigItemBoolean_AddToCategoryEx
020012bc 00000014 T WUPSConfigItemBoolean_AddToCategory
020012d0 000000cc T wups_get_thread_specific
020013bc 00000004 T __syscall_lock_init
020013c0 00000004 T __syscall_lock_close
020013c4 00000004 T __syscall_lock_release
020013c8 00000004 T __syscall_lock_acquire
020013cc 00000014 T __init_wut_newlib
020013e0 00000004 T __fini_wut_newlib
020013e4 00000060 T __fini_wut_sbrk_heap
02001454 00000004 T __init_wut_malloc
02001458 00000004 T __fini_wut_malloc
0200145c 00000060 T _malloc_r
020014bc 00000018 T _free_r
020014d4 000000d4 T _realloc_r
020015b8 00000090 T _calloc_r
02001648 00000020 T _memalign_r
02001668 0000017c T __init_wut_devoptab
02001844 000000b4 T __fini_wut_devoptab
02001928 000000cc T __wut_fs_chdir
02001a14 000000b8 T __wut_fs_fstat
02001aec 000000cc T __wut_fs_mkdir
02001bd8 000001c0 T __wut_fs_read
02001db8 000000e4 T __wut_fs_fixpath
02001e9c 000000a4 T __wut_fs_translate_stat_mode
02001f40 00000018 T __wut_fs_translate_permission_mode
02001f58 00000138 T __wut_fs_translate_stat
02002090 00000098 T __wut_fs_translate_error
02002128 000000d8 T __wut_fs_unlink
02002220 00000088 T __wut_fs_fsync
020022c8 00000124 T __wut_fs_diropen
0200240c 00000010 T __wut_fs_link
0200241c 0000008c T __wut_fs_dirclose
020024c8 00000010 T __wut_fs_utimes
020024d8 0000008c T __wut_fs_dirreset
02002584 000000d8 T __wut_fs_rmdir
0200267c 00000468 T __wut_fs_open
02002b34 000001d8 T __wut_fs_write
02002d2c 000000e8 T __wut_fs_chmod
02002e34 00000010 T __wut_fs_fchmod
02002e44 00000120 T __wut_fs_dirnext
02002f84 00000088 T __wut_fs_close
0200302c 000000cc T __wut_fs_ftruncate
02003128 00000010 T __wut_fs_statvfs
02003138 00000124 T __wut_fs_rename
0200327c 0000018c T __wut_fs_seek
02003438 00000008 T __gthr_impl_active
02003440 00000004 T __gthr_impl_once
02003444 00000030 T __gthr_impl_key_delete
02003474 00000030 T __gthr_impl_getspecific
020034a4 00000030 T __gthr_impl_setspecific
020034d4 00000004 T __gthr_impl_mutex_init_function
020034d8 00000004 T __gthr_impl_mutex_destroy
020034dc 00000004 T __gthr_impl_mutex_lock
020034e0 00000004 T __gthr_impl_mutex_unlock
020034e4 00000004 T __init_wut_stdcpp
020034e8 00000004 T __fini_wut_stdcpp
020034ec 000000cc T __wut_lock_init
020035d8 000000c0 T __wut_lock_close
020036a8 00000054 T __wut_lock_acquire
0200370c 00000054 T __wut_lock_release
02003770 000000fc T __wut_fs_stat
0200388c 00000004 T __wut_mutex_init_function(OSMutex*)
020038a0 00000024 T __wut_mutex_lock(OSMutex*)
020038d4 00000024 T __wut_mutex_unlock(OSMutex*)
02003908 00000008 T __wut_mutex_destroy(OSMutex*)
02003910 000000ac T __wut_once(unsigned int volatile*, void (*)())
020039ec 0000006c T __wut_key_delete(__wut_key_t)
02003a58 00000074 T __wut_getspecific(__wut_key_t)
02003aec 00000088 T __wut_setspecific(__wut_key_t, void const*)
02003b94 000000ec t std::_Rb_tree<NotificationModuleNotificationType, std::pair<NotificationModuleNotificationType const, NMDefaultValueStore>, std::_Select1st<std::pair<NotificationModuleNotificationType const, NMDefaultValueStore> >, std::less<NotificationModuleNotificationType>, std::allocator<std::pair<NotificationModuleNotificationType const, NMDefaultValueStore> > >::_M_get_insert_unique_pos(NotificationModuleNotificationType const&) [clone .isra.0]
02003c80 00000178 t std::_Rb_tree<NotificationModuleNotificationType, std::pair<NotificationModuleNotificationType const, NMDefaultValueStore>, std::_Select1st<std::pair<NotificationModuleNotificationType const, NMDefaultValueStore> >, std::less<NotificationModuleNotificationType>, std::allocator<std::pair<NotificationModuleNotificationType const, NMDefaultValueStore> > >::_M_get_insert_hint_unique_pos(std::_Rb_tree_const_iterator<std::pair<NotificationModuleNotificationType const, NMDefaultValueStore> >, NotificationModuleNotificationType const&) [clone .isra.0]
02003df8 0000013c t std::_Rb_tree_iterator<std::pair<NotificationModuleNotificationType const, NMDefaultValueStore> > std::_Rb_tree<NotificationModuleNotificationType, std::pair<NotificationModuleNotificationType const, NMDefaultValueStore>, std::_Select1st<std::pair<NotificationModuleNotificationType const, NMDefaultValueStore> >, std::less<NotificationModuleNotificationType>, std::allocator<std::pair<NotificationModuleNotificationType const, NMDefaultValueStore> > >::_M_emplace_hint_unique<std::piecewise_construct_t const&, std::tuple<NotificationModuleNotificationType&&>, std::tuple<> >(std::_Rb_tree_const_iterator<std::pair<NotificationModuleNotificationType const, NMDefaultValueStore> >, std::piecewise_construct_t const&, std::tuple<NotificationModuleNotificationType&&>&&, std::tuple<>&&) [clone .isra.0]
02003f34 000001ac t std::_Rb_tree<NotificationModuleNotificationType, std::pair<NotificationModuleNotificationType const, NMDefaultValueStore>, std::_Select1st<std::pair<NotificationModuleNotificationType const, NMDefaultValueStore> >, std::less<NotificationModuleNotificationType>, std::allocator<std::pair<NotificationModuleNotificationType const, NMDefaultValueStore> > >::_M_erase(std::_Rb_tree_node<std::pair<NotificationModuleNotificationType const, NMDefaultValueStore> >*) [clone .isra.0]
020040e0 00000148 T NotificationModule_GetVersion
02004258 0000057c T NotificationModule_InitLibrary
02004804 00000004 T operator delete(void*, unsigned int)
02004808 00000080 T operator new(unsigned int)
02004888 00000068 T std::_Rb_tree_increment(std::_Rb_tree_node_base*)
020048f0 00000094 T std::_Rb_tree_decrement(std::_Rb_tree_node_base*)
02004984 000002d4 T std::_Rb_tree_insert_and_rebalance(bool, std::_Rb_tree_node_base*, std::_Rb_tree_node_base*, std::_Rb_tree_node_base&)
02004c58 0000000c T std::bad_alloc::what() const
02004c64 00000010 T std::bad_alloc::~bad_alloc()
02004c64 00000010 T std::bad_alloc::~bad_alloc()
02004c74 00000040 T std::bad_alloc::~bad_alloc()
02004cb4 00000004 T operator delete(void*)
02004cb8 0000000c W __gnu_cxx::__concurrence_lock_error::what() const
02004cc4 0000000c W __gnu_cxx::__concurrence_unlock_error::what() const
02004cd0 00000010 W __gnu_cxx::__concurrence_lock_error::~__concurrence_lock_error()
02004cd0 00000010 W __gnu_cxx::__concurrence_lock_error::~__concurrence_lock_error()
02004ce0 00000010 W __gnu_cxx::__concurrence_unlock_error::~__concurrence_unlock_error()
02004ce0 00000010 W __gnu_cxx::__concurrence_unlock_error::~__concurrence_unlock_error()
02004cf0 00000040 W __gnu_cxx::__concurrence_lock_error::~__concurrence_lock_error()
02004d30 00000040 W __gnu_cxx::__concurrence_unlock_error::~__concurrence_unlock_error()
02004d70 00000144 t (anonymous namespace)::pool::free(void*) [clone .constprop.0]
02004eb4 000000fc t (anonymous namespace)::pool::allocate(unsigned int) [clone .constprop.0]
02004fb0 00000064 T __cxa_allocate_exception
02005014 0000004c T __cxa_free_exception
02005060 00000004 T std::exception::~exception()
02005060 00000004 T std::exception::~exception()
02005064 000000a0 t get_adjusted_ptr(std::type_info const*, std::type_info const*, void**)
02005104 0000013c t read_encoded_value_with_base(unsigned char, unsigned int, unsigned char const*, unsigned int*)
02005240 00000068 t base_of_encoded_value(unsigned char, _Unwind_Context*)
020052a8 0000011c t parse_lsda_header(_Unwind_Context*, unsigned char const*, lsda_header_info*)
020053c4 00000138 t check_exception_spec(lsda_header_info*, std::type_info const*, void*, long)
020054fc 000007a4 T __gxx_personality_v0
02005ca0 00000020 T __cxxabiv1::__terminate(void (*)())
02005cc0 00000024 T std::terminate()
02005ce4 00000018 T __cxxabiv1::__unexpected(void (*)())
02005cfc 00000024 T std::unexpected()
02005d20 00000018 T std::get_terminate()
02005d38 00000018 T std::get_unexpected()
02005d50 0000008c t __gxx_exception_cleanup(_Unwind_Reason_Code, _Unwind_Exception*)
02005ddc 00000070 T __cxa_init_primary_exception
02005e4c 00000068 T __cxa_throw
02005eb4 00000018 T std::get_new_handler()
02005ecc 00000010 T __cxxabiv1::__si_class_type_info::~__si_class_type_info()
02005ecc 00000010 T __cxxabiv1::__si_class_type_info::~__si_class_type_info()
02005edc 00000040 T __cxxabiv1::__si_class_type_info::~__si_class_type_info()
02005f1c 000001d4 T __cxxabiv1::__si_class_type_info::__do_dyncast(int, __cxxabiv1::__class_type_info::__sub_kind, __cxxabiv1::__class_type_info const*, void const*, __cxxabiv1::__class_type_info const*, void const*, __cxxabiv1::__class_type_info::__dyncast_result&) const
020060f0 000000b4 T __cxxabiv1::__si_class_type_info::__do_find_public_src(int, void const*, __cxxabiv1::__class_type_info const*, void const*) const
020061a4 00000094 T __cxxabiv1::__si_class_type_info::__do_upcast(__cxxabiv1::__class_type_info const*, void const*, __cxxabiv1::__class_type_info::__upcast_result&) const
02006238 00000004 T std::type_info::~type_info()
02006238 00000004 T std::type_info::~type_info()
0200623c 00000008 T std::type_info::__is_pointer_p() const
0200623c 00000008 T std::type_info::__is_function_p() const
02006244 0000007c T __cxxabiv1::__class_type_info::__do_upcast(__cxxabiv1::__class_type_info const*, void**) const
020062c0 00000018 T __cxxabiv1::__class_type_info::__do_find_public_src(int, void const*, __cxxabiv1::__class_type_info const*, void const*) const
020062d8 00000010 T __cxxabiv1::__class_type_info::~__class_type_info()
020062d8 00000010 T __cxxabiv1::__class_type_info::~__class_type_info()
020062e8 00000040 T __cxxabiv1::__class_type_info::~__class_type_info()
02006328 00000094 T __cxxabiv1::__class_type_info::__do_upcast(__cxxabiv1::__class_type_info const*, void const*, __cxxabiv1::__class_type_info::__upcast_result&) const
020063bc 00000104 T __cxxabiv1::__class_type_info::__do_catch(std::type_info const*, void**, unsigned int) const
020064c0 00000138 T __cxxabiv1::__class_type_info::__do_dyncast(int, __cxxabiv1::__class_type_info::__sub_kind, __cxxabiv1::__class_type_info const*, void const*, __cxxabiv1::__class_type_info const*, void const*, __cxxabiv1::__class_type_info::__dyncast_result&) const
020065f8 00000058 T __cxa_call_terminate
02006650 000000c4 T __cxa_begin_catch
02006714 00000068 t eh_globals_dtor(void*)
0200677c 000000bc T __cxa_get_globals
02006838 000003f0 T __divdi3
02006c28 000003bc T __udivdi3
02006fe4 0000001c T __gthread_active_p
02007000 0000001c T __gthread_once
0200701c 0000001c T __gthread_key_create
02007038 00000044 T __gthread_key_delete
0200707c 00000044 T __gthread_getspecific
020070c0 00000044 T __gthread_setspecific
02007104 00000014 T __gthread_mutex_init_function
02007118 0000001c T __gthread_mutex_destroy
02007134 0000001c T __gthread_mutex_lock
02007150 0000001c T __gthread_mutex_unlock
0200716c 000001d0 t init_dwarf_reg_size_table
0200733c 000001d0 t uw_install_context_1
0200750c 00000194 t read_encoded_value
020076a0 0000088c t execute_stack_op
02007f2c 0000039c t uw_update_context_1
020082c8 00000934 t execute_cfa_program
02008bfc 000004e4 t uw_frame_state_for
020090e0 000002cc t uw_init_context_1
020093ac 000001c8 t _Unwind_RaiseException_Phase2
02009574 00000068 T _Unwind_SetGR
020095dc 00000014 T _Unwind_GetIPInfo
020095f0 00000008 T _Unwind_SetIP
020095f8 00000008 T _Unwind_GetLanguageSpecificData
02009600 00000008 T _Unwind_GetRegionStart
02009608 00000008 T _Unwind_GetDataRelBase
02009610 00000008 T _Unwind_GetTextRelBase
02009618 00000004 t _Unwind_DebugHook
0200961c 00000300 T _Unwind_RaiseException
0200991c 0000001c T _Unwind_DeleteException
02009938 00000020 t fde_unencoded_compare
02009958 0000013c t frame_downheap
02009a94 00000118 t frame_heapsort
02009bac 0000000c t init_object_mutex
02009bb8 0000013c t read_encoded_value_with_base
02009cf4 0000015c t __deregister_frame_info_bases.part.0
02009e50 0000014c t get_cie_encoding
02009f9c 00000250 t classify_object_over_fdes
0200a1ec 000000d0 t fde_single_encoding_compare
0200a2bc 0000015c t fde_mixed_encoding_compare
0200a418 000002b8 t add_fdes
0200a6d0 00000318 t linear_search_fdes
0200a9e8 00000804 t search_object
0200b1ec 0000009c T __register_frame_info
0200b288 00000020 T __deregister_frame_info
0200b2a8 00000260 T _Unwind_Find_FDE
0200b508 00000008 t null_write
0200b510 00000018 T setDefaultDevice
0200b528 00000128 T FindDevice
0200b650 00000044 T RemoveDevice
0200b694 00000114 T AddDevice
0200b7a8 00000244 T _concatenate_path
0200b9ec 000001b0 T chdir
0200bb9c 00000018 T calloc
0200bbb4 00000018 T memalign
0200bbcc 00000010 T malloc
0200bbdc 00000010 T free
0200bbec 00000128 T memcpy
0200bd14 00000194 T memset
0200bea8 00000018 T realloc
0200bec0 00000168 T snprintf
0200c028 00000154 T strchr
0200c17c 0000009c T strcmp
0200c218 0000008c T strcpy
0200c2a4 00000010 T strdup
0200c2b4 0000006c T _strdup_r
0200c320 00000080 T strlen
0200c3a0 000000cc T strncmp
0200c46c 00000108 T strncpy
0200c574 000000c8 T strnlen
0200c63c 00000078 T strrchr
0200c6b4 00002eec T _svfprintf_r
0200f5a0 000000e4 T _wcrtomb_r
0200f684 00000010 T _wcsrtombs_r
0200f694 000002ec t quorem
0200f980 000013e4 T _dtoa_r
02010d64 0000002c T _localeconv_r
02010d90 0000002c T __locale_mb_cur_max
02010dbc 00000300 T __utf8_mbtowc
020110bc 000001b4 T memchr
02011270 000000e0 T _Balloc
02011350 00000024 T _Bfree
02011374 00000158 T __multadd
020114cc 0000007c T __hi0bits
02011548 000000b4 T __lo0bits
020115fc 00000108 T __i2b
02011704 00000308 T __multiply
02011a0c 0000017c T __pow5mult
02011b88 00000250 T __lshift
02011dd8 000000e0 T __mcmp
02011eb8 000002ec T __mdiff
020121a4 000001a0 T __d2b
02012344 00000090 T frexp
020123d4 00000260 T __ssprint_r
02012634 00000214 T _wcsnrtombs_l
02012848 00000024 T _wcsnrtombs_r
0201286c 00000108 T __utf8_wctomb
02012974 00000058 T __assert_func
020129cc 00000094 T fiprintf
02012a60 000001c0 T memmove
02012c20 00000148 t __sprint_r.part.0
02012d68 00001ca8 T _vfiprintf_r
02014a10 00000100 t __sbprintf
02014b10 00000194 T __swsetup_r
02014ca4 000002f4 T __sflush_r
02014f98 00000108 T _fflush_r
020150a0 0000000c T _cleanup_r
020150ac 000001f8 T __sinit
020152a4 00000058 T __sfp_lock_acquire
020152fc 0000000c T __sfp_lock_release
02015308 00000170 T __fputwc
02015478 000000d0 T _fputwc_r
02015548 000005b0 T __sfvwrite_r
02015af8 000000b4 T _fwalk_reent
02015bac 00000188 T __smakebuf_r
02015d34 00000074 T __sread
02015da8 000000b8 T __swrite
02015e60 00000070 T __sseek
02015ed0 00000008 T __sclose
02015ed8 0000018c T __swbuf_r
02016064 000001ec T _fclose_r
02016250 000000ec T _close_r
0201633c 000000b0 T _fstat_r
020163ec 00000008 T _isatty_r
020163f4 000000e0 T _lseek_r
020164d4 000000c4 T _read_r
02016598 000000c4 T _write_r
0201665c 00000054 T __flockfile
020166b0 00000008 T __funlockfile
020166b8 000000e4 T __release_handle
0201679c 00000024 T __get_handle
020167c0 0000001c T __libc_lock_init
020167dc 0000001c T __libc_lock_close
020167f8 0000001c T __libc_lock_release
02016814 0000001c T __libc_lock_acquire
02016830 t __do_global_ctors_aux
02016880 T __fini
10000018 d .LC1
10000404 d .LC7
100008e8 0000000d V typeinfo name for std::bad_alloc
100008f8 0000000c V typeinfo for std::bad_alloc
10000904 00000014 V vtable for std::bad_alloc
10000964 00000027 V typeinfo name for __gnu_cxx::__concurrence_lock_error
1000098c 0000000c V typeinfo for __gnu_cxx::__concurrence_lock_error
10000998 00000029 V typeinfo name for __gnu_cxx::__concurrence_unlock_error
100009c4 0000000c V typeinfo for __gnu_cxx::__concurrence_unlock_error
100009d0 00000014 V vtable for __gnu_cxx::__concurrence_lock_error
100009e4 00000014 V vtable for __gnu_cxx::__concurrence_unlock_error
100009f8 0000000d V typeinfo name for std::exception
10000a08 00000020 V typeinfo name for __cxxabiv1::__forced_unwind
10000a28 00000024 V typeinfo name for __cxxabiv1::__foreign_exception
10000a80 00000025 V typeinfo name for __cxxabiv1::__si_class_type_info
10000aa8 0000000c V typeinfo for __cxxabiv1::__si_class_type_info
10000ab4 0000002c V vtable for __cxxabiv1::__si_class_type_info
10000ae0 0000000d V typeinfo name for std::type_info
10000af0 00000022 V typeinfo name for __cxxabiv1::__class_type_info
10000b14 0000000c V typeinfo for __cxxabiv1::__class_type_info
10000b20 0000002c V vtable for __cxxabiv1::__class_type_info
10000f70 00000008 d terminator.1
10000f80 00000070 D dotab_stdnull
10000ff0 00000101 D _ctype_
10001134 d .LC2
1000133c 00000010 d zeroes.0
1000134c 00000010 d blanks.1
10001494 0000000c d p05.0
100014a0 00000028 D __mprec_bigtens
100014c8 000000c8 D __mprec_tens
10001740 00000010 d zeroes.0
10001750 00000010 d blanks.1
100017bc d __CTOR_LIST__
100017c0 D __CTOR_LIST__
100017cc d __CTOR_END__
100017cc D __CTOR_END__
100017d0 d __DTOR_LIST__
100017d4 D __DTOR_LIST__
100017e0 D __DTOR_END__
100017e4 d __EH_FRAME_BEGIN__
100017e4 D __EH_FRAME_BEGIN__
10005998 d 
10005998 D __EH_FRAME_END__
100059a0 00000004 D real_FSOpenFile
100059a4 00000004 d sActiveSubItem
100059a8 00000014 d rootItem
100059bc 00000004 d isDirty
100059c0 00000004 d isOpened
100059c4 00000004 d storage_initialized
100059c8 00000100 d plugin_id
10005ac8 00000004 d closefunction_ptr
10005acc 00000004 d openfunction_ptr
10005ad0 00000070 d __wut_fs_devoptab
10005b40 00000004 d sNotificationModuleVersion
10005b44 00000040 D devoptab_list
10005b84 00000004 d defaultDevice
10005b88 00001000 d _current_working_directory
10006b88 00000448 d impure_data
10006fd0 0000016c D __global_locale
1000713c 00001000 d handles
1000813c 0000000c d __stderr_handle
10008148 0000000c d __stdout_handle
10008154 0000000c d __stdin_handle
10008160 00000001 D logFSOpen
10008164 00000008 V typeinfo for std::exception
1000816c 00000008 V typeinfo for __cxxabiv1::__forced_unwind
10008174 00000008 V typeinfo for __cxxabiv1::__foreign_exception
1000817c 00000004 D __cxxabiv1::__unexpected_handler
10008180 00000008 V typeinfo for std::type_info
10008188 00000004 D __cxxabiv1::__terminate_handler
1000818c 00000004 D _global_impure_ptr
10008190 00000004 D _impure_ptr
10008194 00000004 B __wut_exit
10008198 00000004 B __wut_devoptab_fs_client
1000819c b completed.2
100081a0 b dtor_idx.1
100081a4 b object.0
100081bc 00000004 b __wut_socket_devoptab_added
100081c0 00000004 b sHeapSize
100081c4 00000004 b sHeapMaxSize
100081c8 00000004 b sHeapBase
100081cc 00000004 b sHeapHandle
100081d0 00000080 b sMountPath
10008250 00000004 b __wut_sd_mounted
10008254 00000004 b __wut_fs_initialised
10008258 00000004 b sLibcLockUsedMask
1000825c 000002c0 b sLibcLocks
1000851c 0000002c b key_mutex
10008548 00000400 b key_table
10008948 00000018 B sDefaultValues
10008960 00000001 b sLibInitDone
10008964 00000004 b sNMFinishDynamicNotification
10008968 00000004 b sNMUpdateDynamicNotificationTextColor
1000896c 00000004 b sNMUpdateDynamicNotificationBackgroundColor
10008970 00000004 b sNMUpdateDynamicNotificationText
10008974 00000004 b sNMAddDynamicNotification
10008978 00000004 b sNMAddStaticNotification
1000897c 00000004 b sNMIsOverlayReady
10008980 00000004 b sNMGetVersion
10008984 00000004 b sModuleHandle
10008988 00000038 b (anonymous namespace)::emergency_pool
100089c0 00000004 b (anonymous namespace)::__new_handler
100089c4 00000008 b init
100089cc 00000008 b eh_globals
100089d4 00000004 b once_regsizes.0
100089d8 00000070 b dwarf_reg_size_table
10008a48 00000004 b marker.0
10008a4c 00000004 b once.2
10008a50 0000002c b object_mutex
10008a7c 00000004 b seen_objects
10008a80 00000004 b unseen_objects
10008a84 00001000 b temp_cwd
10009a84 00000004 b __sinit_recursive_mutex
10009a88 00000004 b __sfp_recursive_mutex
10009a8c 00000004 b __hndl_lock
10009a90 0000009a R wups_meta_info_linking_order
10009b2c 0000001e R wups_meta_storage_id
10009b4c 0000000c R wups_meta_license
10009b58 0000001e R wups_meta_author
10009b78 0000000d R wups_meta_version
10009b88 00000025 R wups_meta_description
10009bb0 0000004a R wups_meta_info_dump
10009bfc 00000024 R wups_meta_buildtimestamp
10009c20 0000000b R wups_meta_wups
10009c2c 0000001a R wups_meta_name
10009c48 00000024 R wups_load_my_FSOpenFile
10009c6c 00000008 R wups_hooks_on_wups_config_closed
10009c74 00000008 R wups_hooks_on_get_wups_config
10009c7c 00000008 R wups_hooks_on_app_requests_exit
10009c84 00000008 R wups_hooks_on_app_ending
10009c8c 00000008 R wups_hooks_on_app_starting
10009c94 00000008 R wups_hooks_deinit_plugin
10009c9c 00000008 R wups_hooks_init_plugin
10009ca4 00000008 R wups_hooks_init_storage
10009cac 00000008 R wups_hooks_on_fini_wut_devoptab
10009cb4 00000008 R wups_hooks_on_init_wut_devoptab
10009cbc 00000008 R wups_hooks___fini_wrapper
10009cc4 00000008 R wups_hooks___init_wrapper
10009ccc 00000008 R wups_hooks_on_fini_wut_stdcpp
10009cd4 00000008 R wups_hooks_on_init_wut_stdcpp
10009cdc 00000008 R wups_hooks_on_fini_wut_newlib
10009ce4 00000008 R wups_hooks_on_init_wut_newlib
10009cec 00000008 R wups_hooks_on_fini_wut_sockets
10009cf4 00000008 R wups_hooks_on_init_wut_sockets
10009cfc 00000008 R wups_hooks_on_fini_wut_malloc
10009d04 00000008 R wups_hooks_on_init_wut_malloc
c0000038 T FSAddClient
c0000040 T FSChangeDir
c0000048 T FSChangeMode
c0000050 T FSCloseDir
c0000058 T FSCloseFile
c0000060 T FSDelClient
c0000068 T FSFlushFile
c0000070 T FSGetMountSource
c0000078 T FSGetStat
c0000080 T FSGetStatFile
c0000088 T FSInit
c0000090 T FSInitCmdBlock
c0000098 T FSMakeDir
c00000a0 T FSMount
c00000a8 T FSOpenDir
c00000b0 T FSOpenFileEx
c00000b8 T FSReadDir
c00000c0 T FSReadFile
c00000c8 T FSRemove
c00000d0 T FSRename
c00000d8 T FSRewindDir
c00000e0 T FSSetPosFile
c00000e8 T FSTruncateFile
c00000f0 T FSUnmount
c00000f8 T FSWriteFile
c0000100 T MEMFreeToExpHeap
c0000108 T MEMGetSizeForMBlockExpHeap
c0000110 T OSCompareAndSwapAtomic
c0000118 T OSCompareAndSwapAtomicEx
c0000120 T OSDynLoad_Acquire
c0000128 T OSDynLoad_FindExport
c0000130 T OSFatal
c0000138 T OSGetThreadSpecific
c0000140 T OSInitMutex
c0000148 T OSLockMutex
c0000150 T OSReport
c0000158 T OSSetThreadSpecific
c0000160 T OSSwapAtomic
c0000168 T OSUnlockMutex
c0000170 T __rplwrap_exit
c0000198 R MEMAllocFromDefaultHeap
c00001a0 R MEMAllocFromDefaultHeapEx
c00001a8 R MEMFreeToDefaultHeap
c00001d0 T WUPSConfigItem_Create
c00001d8 T WUPSConfigItem_Destroy
c00001e0 T WUPSConfig_Create
c00001e8 T WUPSConfig_Destroy
c00001f0 T WUPSConfig_AddCategoryByName
c00001f8 T WUPSConfigCategory_AddItem
